Nov 23, 2017 5:32:47 PM introsde.assign.ClientJson jsonToLog
INFO: 
Request #1:

GET /person Accept: APPLICATION/JSON
=> Result: OK
=> HTTP Status: 200 OK
The number of people in the database is: 28
The id of the first person: 651
The id of the last person: 767
[ {
  "idPerson" : 651,
  "firstname" : "Broly",
  "lastname" : "Legendary Super Sayan",
  "birthdate" : "0000-01-10",
  "preferences" : [ {
    "idActivity" : 652,
    "name" : "killing Kakarrot",
    "description" : "killing Kakarrot as soon as possible",
    "place" : "Universe 18",
    "startdate" : "0000-00-00T00:00:00.0",
    "type" : {
      "typeOf" : "Social"
    }
  }, {
    "idActivity" : 653,
    "name" : "Afternoon_tea",
    "description" : "Drinking tea with friends",
    "place" : "Bar Centrale",
    "startdate" : "2017-11-30T17:50:00.0",
    "type" : {
      "typeOf" : "Cultural"
    }
  } ]
}, {
  "idPerson" : 654,
  "firstname" : "Sandone",
  "lastname" : "Pazzo",
  "birthdate" : "1994-11-20",
  "preferences" : [ {
    "idActivity" : 655,
    "name" : "Swimming",
    "description" : "Swimming in the river",
    "place" : "Adige River",
    "startdate" : "2017-12-28T08:50:00.0",
    "type" : {
      "typeOf" : "Sport"
    }
  } ]
}, {
  "idPerson" : 656,
  "firstname" : "Giovannathan",
  "lastname" : "Donnola",
  "birthdate" : "1994-11-20",
  "preferences" : [ {
    "idActivity" : 657,
    "name" : "Running",
    "description" : "Running with friends",
    "place" : "City Center Trento",
    "startdate" : "2018-10-13T09:50:00.0",
    "type" : {
      "typeOf" : "Sport"
    }
  } ]
}, {
  "idPerson" : 658,
  "firstname" : "Majin",
  "lastname" : "Bu",
  "birthdate" : "0123-03-03",
  "preferences" : [ {
    "idActivity" : 659,
    "name" : "Doing assignments",
    "description" : "Doing introSDE assignments",
    "place" : "Everywhere",
    "startdate" : "2017-09-30T17:50:00.0",
    "type" : {
      "typeOf" : "Cultural"
    }
  } ]
}, {
  "idPerson" : 660,
  "firstname" : "Billy",
  "lastname" : "The Kid",
  "birthdate" : "1791-11-20",
  "preferences" : [ {
    "idActivity" : 661,
    "name" : "Dancing",
    "description" : "Dancing Group Dances",
    "place" : "Irish Pub",
    "startdate" : "2017-12-10T09:50:00.0",
    "type" : {
      "typeOf" : "Social"
    }
  }, {
    "idActivity" : 662,
    "name" : "Quidditch",
    "description" : "Playing quidditch with friends",
    "place" : "Hogwarts",
    "startdate" : "2017-11-01T09:50:00.0",
    "type" : {
      "typeOf" : "Social"
    }
  }, {
    "idActivity" : 663,
    "name" : "Slepping",
    "description" : "Sleeping in the bed",
    "place" : "Own bed",
    "startdate" : "2017-12-07T21:50:00.0",
    "type" : {
      "typeOf" : "Cultural"
    }
  } ]
}, {
  "idPerson" : 701,
  "firstname" : "Gennaro",
  "lastname" : "Legendary Super Sayan",
  "birthdate" : "0000-01-10",
  "preferences" : [ {
    "idActivity" : 652,
    "name" : "killing Kakarrot",
    "description" : "killing Kakarrot as soon as possible",
    "place" : "Universe 18",
    "startdate" : "0000-00-00T00:00:00.0",
    "type" : {
      "typeOf" : "Social"
    }
  }, {
    "idActivity" : 653,
    "name" : "Afternoon_tea",
    "description" : "Drinking tea with friends",
    "place" : "Bar Centrale",
    "startdate" : "2017-11-30T17:50:00.0",
    "type" : {
      "typeOf" : "Cultural"
    }
  } ]
}, {
  "idPerson" : 704,
  "firstname" : "Gennaro",
  "lastname" : "Legendary Super Sayan",
  "birthdate" : "0000-01-10",
  "preferences" : [ {
    "idActivity" : 652,
    "name" : "killing Kakarrot",
    "description" : "killing Kakarrot as soon as possible",
    "place" : "Universe 18",
    "startdate" : "0000-00-00T00:00:00.0",
    "type" : {
      "typeOf" : "Social"
    }
  }, {
    "idActivity" : 653,
    "name" : "Afternoon_tea",
    "description" : "Drinking tea with friends",
    "place" : "Bar Centrale",
    "startdate" : "2017-11-30T17:50:00.0",
    "type" : {
      "typeOf" : "Cultural"
    }
  } ]
}, {
  "idPerson" : 707,
  "firstname" : "Gennaro",
  "lastname" : "Legendary Super Sayan",
  "birthdate" : "0000-01-10",
  "preferences" : [ {
    "idActivity" : 652,
    "name" : "killing Kakarrot",
    "description" : "killing Kakarrot as soon as possible",
    "place" : "Universe 18",
    "startdate" : "0000-00-00T00:00:00.0",
    "type" : {
      "typeOf" : "Social"
    }
  }, {
    "idActivity" : 653,
    "name" : "Afternoon_tea",
    "description" : "Drinking tea with friends",
    "place" : "Bar Centrale",
    "startdate" : "2017-11-30T17:50:00.0",
    "type" : {
      "typeOf" : "Cultural"
    }
  } ]
}, {
  "idPerson" : 710,
  "firstname" : "Gennaro",
  "lastname" : "Legendary Super Sayan",
  "birthdate" : "0000-01-10",
  "preferences" : [ {
    "idActivity" : 652,
    "name" : "killing Kakarrot",
    "description" : "killing Kakarrot as soon as possible",
    "place" : "Universe 18",
    "startdate" : "0000-00-00T00:00:00.0",
    "type" : {
      "typeOf" : "Social"
    }
  }, {
    "idActivity" : 653,
    "name" : "Afternoon_tea",
    "description" : "Drinking tea with friends",
    "place" : "Bar Centrale",
    "startdate" : "2017-11-30T17:50:00.0",
    "type" : {
      "typeOf" : "Cultural"
    }
  } ]
}, {
  "idPerson" : 713,
  "firstname" : "Gianmarco",
  "lastname" : "Legendary Super Sayan",
  "birthdate" : "0000-01-10",
  "preferences" : [ {
    "idActivity" : 652,
    "name" : "killing Kakarrot",
    "description" : "killing Kakarrot as soon as possible",
    "place" : "Universe 18",
    "startdate" : "0000-00-00T00:00:00.0",
    "type" : {
      "typeOf" : "Social"
    }
  }, {
    "idActivity" : 653,
    "name" : "Afternoon_tea",
    "description" : "Drinking tea with friends",
    "place" : "Bar Centrale",
    "startdate" : "2017-11-30T17:50:00.0",
    "type" : {
      "typeOf" : "Cultural"
    }
  } ]
}, {
  "idPerson" : 716,
  "firstname" : "Gianmarco",
  "lastname" : "Legendary Super Sayan",
  "birthdate" : "0000-01-10",
  "preferences" : [ {
    "idActivity" : 652,
    "name" : "killing Kakarrot",
    "description" : "killing Kakarrot as soon as possible",
    "place" : "Universe 18",
    "startdate" : "0000-00-00T00:00:00.0",
    "type" : {
      "typeOf" : "Social"
    }
  }, {
    "idActivity" : 653,
    "name" : "Afternoon_tea",
    "description" : "Drinking tea with friends",
    "place" : "Bar Centrale",
    "startdate" : "2017-11-30T17:50:00.0",
    "type" : {
      "typeOf" : "Cultural"
    }
  } ]
}, {
  "idPerson" : 719,
  "firstname" : "Gianmarco",
  "lastname" : "Legendary Super Sayan",
  "birthdate" : "0000-01-10",
  "preferences" : [ {
    "idActivity" : 652,
    "name" : "killing Kakarrot",
    "description" : "killing Kakarrot as soon as possible",
    "place" : "Universe 18",
    "startdate" : "0000-00-00T00:00:00.0",
    "type" : {
      "typeOf" : "Social"
    }
  }, {
    "idActivity" : 653,
    "name" : "Afternoon_tea",
    "description" : "Drinking tea with friends",
    "place" : "Bar Centrale",
    "startdate" : "2017-11-30T17:50:00.0",
    "type" : {
      "typeOf" : "Cultural"
    }
  } ]
}, {
  "idPerson" : 722,
  "firstname" : "Gianmarco",
  "lastname" : "Legendary Super Sayan",
  "birthdate" : "0000-01-10",
  "preferences" : [ {
    "idActivity" : 652,
    "name" : "killing Kakarrot",
    "description" : "killing Kakarrot as soon as possible",
    "place" : "Universe 18",
    "startdate" : "0000-00-00T00:00:00.0",
    "type" : {
      "typeOf" : "Social"
    }
  }, {
    "idActivity" : 653,
    "name" : "Afternoon_tea",
    "description" : "Drinking tea with friends",
    "place" : "Bar Centrale",
    "startdate" : "2017-11-30T17:50:00.0",
    "type" : {
      "typeOf" : "Cultural"
    }
  } ]
}, {
  "idPerson" : 725,
  "firstname" : "Gianmarco",
  "lastname" : "Legendary Super Sayan",
  "birthdate" : "0000-01-10",
  "preferences" : [ {
    "idActivity" : 652,
    "name" : "killing Kakarrot",
    "description" : "killing Kakarrot as soon as possible",
    "place" : "Universe 18",
    "startdate" : "0000-00-00T00:00:00.0",
    "type" : {
      "typeOf" : "Social"
    }
  }, {
    "idActivity" : 653,
    "name" : "Afternoon_tea",
    "description" : "Drinking tea with friends",
    "place" : "Bar Centrale",
    "startdate" : "2017-11-30T17:50:00.0",
    "type" : {
      "typeOf" : "Cultural"
    }
  } ]
}, {
  "idPerson" : 728,
  "firstname" : "Gianmarco",
  "lastname" : "Legendary Super Sayan",
  "birthdate" : "0000-01-10",
  "preferences" : [ {
    "idActivity" : 652,
    "name" : "killing Kakarrot",
    "description" : "killing Kakarrot as soon as possible",
    "place" : "Universe 18",
    "startdate" : "0000-00-00T00:00:00.0",
    "type" : {
      "typeOf" : "Social"
    }
  }, {
    "idActivity" : 653,
    "name" : "Afternoon_tea",
    "description" : "Drinking tea with friends",
    "place" : "Bar Centrale",
    "startdate" : "2017-11-30T17:50:00.0",
    "type" : {
      "typeOf" : "Cultural"
    }
  } ]
}, {
  "idPerson" : 731,
  "firstname" : "Gianmarco",
  "lastname" : "Legendary Super Sayan",
  "birthdate" : "0000-01-10",
  "preferences" : [ {
    "idActivity" : 652,
    "name" : "killing Kakarrot",
    "description" : "killing Kakarrot as soon as possible",
    "place" : "Universe 18",
    "startdate" : "0000-00-00T00:00:00.0",
    "type" : {
      "typeOf" : "Social"
    }
  }, {
    "idActivity" : 653,
    "name" : "Afternoon_tea",
    "description" : "Drinking tea with friends",
    "place" : "Bar Centrale",
    "startdate" : "2017-11-30T17:50:00.0",
    "type" : {
      "typeOf" : "Cultural"
    }
  } ]
}, {
  "idPerson" : 734,
  "firstname" : "Gianmarco",
  "lastname" : "Legendary Super Sayan",
  "birthdate" : "0000-01-10",
  "preferences" : [ {
    "idActivity" : 652,
    "name" : "killing Kakarrot",
    "description" : "killing Kakarrot as soon as possible",
    "place" : "Universe 18",
    "startdate" : "0000-00-00T00:00:00.0",
    "type" : {
      "typeOf" : "Social"
    }
  }, {
    "idActivity" : 653,
    "name" : "Afternoon_tea",
    "description" : "Drinking tea with friends",
    "place" : "Bar Centrale",
    "startdate" : "2017-11-30T17:50:00.0",
    "type" : {
      "typeOf" : "Cultural"
    }
  } ]
}, {
  "idPerson" : 737,
  "firstname" : "Gianmarco",
  "lastname" : "Legendary Super Sayan",
  "birthdate" : "0000-01-10",
  "preferences" : [ {
    "idActivity" : 652,
    "name" : "killing Kakarrot",
    "description" : "killing Kakarrot as soon as possible",
    "place" : "Universe 18",
    "startdate" : "0000-00-00T00:00:00.0",
    "type" : {
      "typeOf" : "Social"
    }
  }, {
    "idActivity" : 653,
    "name" : "Afternoon_tea",
    "description" : "Drinking tea with friends",
    "place" : "Bar Centrale",
    "startdate" : "2017-11-30T17:50:00.0",
    "type" : {
      "typeOf" : "Cultural"
    }
  } ]
}, {
  "idPerson" : 740,
  "firstname" : "Gianmarco",
  "lastname" : "Legendary Super Sayan",
  "birthdate" : "0000-01-10",
  "preferences" : [ {
    "idActivity" : 652,
    "name" : "killing Kakarrot",
    "description" : "killing Kakarrot as soon as possible",
    "place" : "Universe 18",
    "startdate" : "0000-00-00T00:00:00.0",
    "type" : {
      "typeOf" : "Social"
    }
  }, {
    "idActivity" : 653,
    "name" : "Afternoon_tea",
    "description" : "Drinking tea with friends",
    "place" : "Bar Centrale",
    "startdate" : "2017-11-30T17:50:00.0",
    "type" : {
      "typeOf" : "Cultural"
    }
  } ]
}, {
  "idPerson" : 743,
  "firstname" : "Gianmarco",
  "lastname" : "Legendary Super Sayan",
  "birthdate" : "0000-01-10",
  "preferences" : [ {
    "idActivity" : 652,
    "name" : "killing Kakarrot",
    "description" : "killing Kakarrot as soon as possible",
    "place" : "Universe 18",
    "startdate" : "0000-00-00T00:00:00.0",
    "type" : {
      "typeOf" : "Social"
    }
  }, {
    "idActivity" : 653,
    "name" : "Afternoon_tea",
    "description" : "Drinking tea with friends",
    "place" : "Bar Centrale",
    "startdate" : "2017-11-30T17:50:00.0",
    "type" : {
      "typeOf" : "Cultural"
    }
  } ]
}, {
  "idPerson" : 746,
  "firstname" : "Gianmarco",
  "lastname" : "Legendary Super Sayan",
  "birthdate" : "0000-01-10",
  "preferences" : [ {
    "idActivity" : 652,
    "name" : "killing Kakarrot",
    "description" : "killing Kakarrot as soon as possible",
    "place" : "Universe 18",
    "startdate" : "0000-00-00T00:00:00.0",
    "type" : {
      "typeOf" : "Social"
    }
  }, {
    "idActivity" : 653,
    "name" : "Afternoon_tea",
    "description" : "Drinking tea with friends",
    "place" : "Bar Centrale",
    "startdate" : "2017-11-30T17:50:00.0",
    "type" : {
      "typeOf" : "Cultural"
    }
  } ]
}, {
  "idPerson" : 749,
  "firstname" : "Gianmarco",
  "lastname" : "Legendary Super Sayan",
  "birthdate" : "0000-01-10",
  "preferences" : [ {
    "idActivity" : 652,
    "name" : "killing Kakarrot",
    "description" : "killing Kakarrot as soon as possible",
    "place" : "Universe 18",
    "startdate" : "0000-00-00T00:00:00.0",
    "type" : {
      "typeOf" : "Social"
    }
  }, {
    "idActivity" : 653,
    "name" : "Afternoon_tea",
    "description" : "Drinking tea with friends",
    "place" : "Bar Centrale",
    "startdate" : "2017-11-30T17:50:00.0",
    "type" : {
      "typeOf" : "Cultural"
    }
  } ]
}, {
  "idPerson" : 752,
  "firstname" : "Gennaro",
  "lastname" : "Legendary Super Sayan",
  "birthdate" : "0000-01-10",
  "preferences" : [ {
    "idActivity" : 652,
    "name" : "killing Kakarrot",
    "description" : "killing Kakarrot as soon as possible",
    "place" : "Universe 18",
    "startdate" : "0000-00-00T00:00:00.0",
    "type" : {
      "typeOf" : "Social"
    }
  }, {
    "idActivity" : 653,
    "name" : "Afternoon_tea",
    "description" : "Drinking tea with friends",
    "place" : "Bar Centrale",
    "startdate" : "2017-11-30T17:50:00.0",
    "type" : {
      "typeOf" : "Cultural"
    }
  } ]
}, {
  "idPerson" : 755,
  "firstname" : "Gennaro",
  "lastname" : "Legendary Super Sayan",
  "birthdate" : "0000-01-10",
  "preferences" : [ {
    "idActivity" : 652,
    "name" : "killing Kakarrot",
    "description" : "killing Kakarrot as soon as possible",
    "place" : "Universe 18",
    "startdate" : "0000-00-00T00:00:00.0",
    "type" : {
      "typeOf" : "Social"
    }
  }, {
    "idActivity" : 653,
    "name" : "Afternoon_tea",
    "description" : "Drinking tea with friends",
    "place" : "Bar Centrale",
    "startdate" : "2017-11-30T17:50:00.0",
    "type" : {
      "typeOf" : "Cultural"
    }
  } ]
}, {
  "idPerson" : 758,
  "firstname" : "Gennaro",
  "lastname" : "Legendary Super Sayan",
  "birthdate" : "0000-01-10",
  "preferences" : [ {
    "idActivity" : 652,
    "name" : "killing Kakarrot",
    "description" : "killing Kakarrot as soon as possible",
    "place" : "Universe 18",
    "startdate" : "0000-00-00T00:00:00.0",
    "type" : {
      "typeOf" : "Social"
    }
  }, {
    "idActivity" : 653,
    "name" : "Afternoon_tea",
    "description" : "Drinking tea with friends",
    "place" : "Bar Centrale",
    "startdate" : "2017-11-30T17:50:00.0",
    "type" : {
      "typeOf" : "Cultural"
    }
  } ]
}, {
  "idPerson" : 761,
  "firstname" : "Gennaro",
  "lastname" : "Legendary Super Sayan",
  "birthdate" : "0000-01-10",
  "preferences" : [ {
    "idActivity" : 652,
    "name" : "killing Kakarrot",
    "description" : "killing Kakarrot as soon as possible",
    "place" : "Universe 18",
    "startdate" : "0000-00-00T00:00:00.0",
    "type" : {
      "typeOf" : "Social"
    }
  }, {
    "idActivity" : 653,
    "name" : "Afternoon_tea",
    "description" : "Drinking tea with friends",
    "place" : "Bar Centrale",
    "startdate" : "2017-11-30T17:50:00.0",
    "type" : {
      "typeOf" : "Cultural"
    }
  } ]
}, {
  "idPerson" : 764,
  "firstname" : "Gianmarco",
  "lastname" : "Legendary Super Sayan",
  "birthdate" : "0000-01-10",
  "preferences" : [ {
    "idActivity" : 652,
    "name" : "killing Kakarrot",
    "description" : "killing Kakarrot as soon as possible",
    "place" : "Universe 18",
    "startdate" : "0000-00-00T00:00:00.0",
    "type" : {
      "typeOf" : "Social"
    }
  }, {
    "idActivity" : 653,
    "name" : "Afternoon_tea",
    "description" : "Drinking tea with friends",
    "place" : "Bar Centrale",
    "startdate" : "2017-11-30T17:50:00.0",
    "type" : {
      "typeOf" : "Cultural"
    }
  } ]
}, {
  "idPerson" : 767,
  "firstname" : "Gennaro",
  "lastname" : "Legendary Super Sayan",
  "birthdate" : "0000-01-10",
  "preferences" : [ {
    "idActivity" : 652,
    "name" : "killing Kakarrot",
    "description" : "killing Kakarrot as soon as possible",
    "place" : "Universe 18",
    "startdate" : "0000-00-00T00:00:00.0",
    "type" : {
      "typeOf" : "Social"
    }
  }, {
    "idActivity" : 653,
    "name" : "Afternoon_tea",
    "description" : "Drinking tea with friends",
    "place" : "Bar Centrale",
    "startdate" : "2017-11-30T17:50:00.0",
    "type" : {
      "typeOf" : "Cultural"
    }
  } ]
} ]

Request #2:
Header: 
GET /person/651 Accept: APPLICATION/JSON
=> Result: OK
=> HTTP Status: 200 OK
{
  "idPerson" : 651,
  "firstname" : "Broly",
  "lastname" : "Legendary Super Sayan",
  "birthdate" : "0000-01-10",
  "preferences" : [ {
    "idActivity" : 652,
    "name" : "killing Kakarrot",
    "description" : "killing Kakarrot as soon as possible",
    "place" : "Universe 18",
    "startdate" : "0000-00-00T00:00:00.0",
    "type" : {
      "typeOf" : "Social"
    }
  }, {
    "idActivity" : 653,
    "name" : "Afternoon_tea",
    "description" : "Drinking tea with friends",
    "place" : "Bar Centrale",
    "startdate" : "2017-11-30T17:50:00.0",
    "type" : {
      "typeOf" : "Cultural"
    }
  } ]
}

Request #3:
Header: 
PUT /person/651 Accept: APPLICATION/JSON Content-Type: APPLICATION/JSON
=> Result: ERROR
=> HTTP Status: 200 OK
{
  "idPerson" : 651,
  "firstname" : "Broly",
  "lastname" : "Legendary Super Sayan",
  "birthdate" : "0000-01-10",
  "preferences" : [ {
    "idActivity" : 652,
    "name" : "killing Kakarrot",
    "description" : "killing Kakarrot as soon as possible",
    "place" : "Universe 18",
    "startdate" : "0000-00-00T00:00:00.0",
    "type" : {
      "typeOf" : "Social"
    }
  }, {
    "idActivity" : 653,
    "name" : "Afternoon_tea",
    "description" : "Drinking tea with friends",
    "place" : "Bar Centrale",
    "startdate" : "2017-11-30T17:50:00.0",
    "type" : {
      "typeOf" : "Cultural"
    }
  } ]
}

Request #4:
Header: 
POST /person/ Accept: APPLICATION/JSON Content-Type: APPLICATION/XML
=> Result: ERROR
=> HTTP Status: 200 OK
{
  "idPerson" : 771,
  "firstname" : "Sandone",
  "lastname" : "Pazzo",
  "birthdate" : "1994-11-20",
  "preferences" : [ {
    "idActivity" : 772,
    "name" : "Swimming",
    "description" : "Swimming in the river",
    "place" : "Adige River",
    "startdate" : "2017-12-28T08:50:00.0",
    "type" : {
      "typeOf" : "Sport"
    }
  } ]
}

Request #5:
Header: 
DELETE /person/771 Accept: APPLICATION/JSON
=> Result: ERROR
=> HTTP Status: 204 No Content

Request #6:
Header: 
GET /activity_type/ Accept: APPLICATION/JSON
=> Result: ERROR
=> HTTP Status: 200 OK
{
  "activity_type" : [ "Cultural" ]
}

Request #7a:
Header: 
GET /person/651/Cultural Accept: APPLICATION/XML
=> Result: OK
=> HTTP Status: 200 OK
[ {
  "idActivity" : 653,
  "name" : "Afternoon_tea",
  "description" : "Drinking tea with friends",
  "place" : "Bar Centrale",
  "startdate" : "2017-11-30T17:50:00.0",
  "type" : {
    "typeOf" : "Cultural"
  }
} ]

Request #7b:
Header: 
GET /person/651/Cultural Accept: APPLICATION/XML
=> Result: OK
=> HTTP Status: 200 OK
[ {
  "idActivity" : 653,
  "name" : "Afternoon_tea",
  "description" : "Drinking tea with friends",
  "place" : "Bar Centrale",
  "startdate" : "2017-11-30T17:50:00.0",
  "type" : {
    "typeOf" : "Cultural"
  }
} ]
Request#7 result is OK
Saved activity id: 653
Saved type: Cultural

Request #8:
Header: 
GET /person/651/Cultural/653 Accept: APPLICATION/JSON
=> Result: OK
=> HTTP Status: 200 OK
[ {
  "idActivity" : 653,
  "name" : "Afternoon_tea",
  "description" : "Drinking tea with friends",
  "place" : "Bar Centrale",
  "startdate" : "2017-11-30T17:50:00.0",
  "type" : {
    "typeOf" : "Cultural"
  }
} ]

Request #10:
Header: 
PUT /person/651/Social/652 Accept: APPLICATION/JSON Content-Type: APPLICATION/JSON
=> Result: OK
=> HTTP Status: 200 OK
