Nov 24, 2017 3:08:47 PM introsde.assign.ClientXml xmlToLog
INFO: 
Request #1:
Header: 
GET /person/ Accept: APPLICATION/XML Content-Type: APPLICATION/XML
=> Result: OK
=> HTTP Status: 200 OK
The number of people in the database is: 9
The id of the first person: 651
The id of the last person: 710
Body: 
<?xml version="1.0" encoding="UTF-16"?>
<people>
    <person>
        <birthdate>0000-01-10</birthdate>
        <firstname>Broly</firstname>
        <idPerson>651</idPerson>
        <lastname>Legendary Super Sayan</lastname>
        <preferences>
            <description>killing Kakarrot as soon as possible</description>
            <idActivity>652</idActivity>
            <name>killing Kakarrot</name>
            <place>Universe 18</place>
            <startdate>0000-00-00T00:00:00.0</startdate>
            <type>
                <typeOf>Social</typeOf>
            </type>
        </preferences>
        <preferences>
            <description>Drinking tea with friends</description>
            <idActivity>653</idActivity>
            <name>Afternoon_tea</name>
            <place>Bar Centrale</place>
            <startdate>2017-11-30T17:50:00.0</startdate>
            <type>
                <typeOf>Cultural</typeOf>
            </type>
        </preferences>
    </person>
    <person>
        <birthdate>1994-11-20</birthdate>
        <firstname>Sandone</firstname>
        <idPerson>654</idPerson>
        <lastname>Pazzo</lastname>
        <preferences>
            <description>Swimming in the river</description>
            <idActivity>655</idActivity>
            <name>Swimming</name>
            <place>Adige River</place>
            <startdate>2017-12-28T08:50:00.0</startdate>
            <type>
                <typeOf>Sport</typeOf>
            </type>
        </preferences>
    </person>
    <person>
        <birthdate>1994-11-20</birthdate>
        <firstname>Giovannathan</firstname>
        <idPerson>656</idPerson>
        <lastname>Donnola</lastname>
        <preferences>
            <description>Running with friends</description>
            <idActivity>657</idActivity>
            <name>Running</name>
            <place>City Center Trento</place>
            <startdate>2018-10-13T09:50:00.0</startdate>
            <type>
                <typeOf>Sport</typeOf>
            </type>
        </preferences>
    </person>
    <person>
        <birthdate>0123-03-03</birthdate>
        <firstname>Majin</firstname>
        <idPerson>658</idPerson>
        <lastname>Bu</lastname>
        <preferences>
            <description>Doing introSDE assignments</description>
            <idActivity>659</idActivity>
            <name>Doing assignments</name>
            <place>Everywhere</place>
            <startdate>2017-09-30T17:50:00.0</startdate>
            <type>
                <typeOf>Cultural</typeOf>
            </type>
        </preferences>
    </person>
    <person>
        <birthdate>1791-11-20</birthdate>
        <firstname>Billy</firstname>
        <idPerson>660</idPerson>
        <lastname>The Kid</lastname>
        <preferences>
            <description>Dancing Group Dances</description>
            <idActivity>661</idActivity>
            <name>Dancing</name>
            <place>Irish Pub</place>
            <startdate>2017-12-10T09:50:00.0</startdate>
            <type>
                <typeOf>Social</typeOf>
            </type>
        </preferences>
        <preferences>
            <description>Playing quidditch with friends</description>
            <idActivity>662</idActivity>
            <name>Quidditch</name>
            <place>Hogwarts</place>
            <startdate>2017-11-01T09:50:00.0</startdate>
            <type>
                <typeOf>Social</typeOf>
            </type>
        </preferences>
        <preferences>
            <description>Sleeping in the bed</description>
            <idActivity>663</idActivity>
            <name>Slepping</name>
            <place>Own bed</place>
            <startdate>2017-12-07T21:50:00.0</startdate>
            <type>
                <typeOf>Cultural</typeOf>
            </type>
        </preferences>
    </person>
    <person>
        <birthdate>0000-01-10</birthdate>
        <firstname>Gennaro</firstname>
        <idPerson>701</idPerson>
        <lastname>Legendary Super Sayan</lastname>
        <preferences>
            <description>killing Kakarrot as soon as possible</description>
            <idActivity>652</idActivity>
            <name>killing Kakarrot</name>
            <place>Universe 18</place>
            <startdate>0000-00-00T00:00:00.0</startdate>
            <type>
                <typeOf>Social</typeOf>
            </type>
        </preferences>
        <preferences>
            <description>Drinking tea with friends</description>
            <idActivity>653</idActivity>
            <name>Afternoon_tea</name>
            <place>Bar Centrale</place>
            <startdate>2017-11-30T17:50:00.0</startdate>
            <type>
                <typeOf>Cultural</typeOf>
            </type>
        </preferences>
    </person>
    <person>
        <birthdate>0000-01-10</birthdate>
        <firstname>Gennaro</firstname>
        <idPerson>704</idPerson>
        <lastname>Legendary Super Sayan</lastname>
        <preferences>
            <description>killing Kakarrot as soon as possible</description>
            <idActivity>652</idActivity>
            <name>killing Kakarrot</name>
            <place>Universe 18</place>
            <startdate>0000-00-00T00:00:00.0</startdate>
            <type>
                <typeOf>Social</typeOf>
            </type>
        </preferences>
        <preferences>
            <description>Drinking tea with friends</description>
            <idActivity>653</idActivity>
            <name>Afternoon_tea</name>
            <place>Bar Centrale</place>
            <startdate>2017-11-30T17:50:00.0</startdate>
            <type>
                <typeOf>Cultural</typeOf>
            </type>
        </preferences>
    </person>
    <person>
        <birthdate>0000-01-10</birthdate>
        <firstname>Gennaro</firstname>
        <idPerson>707</idPerson>
        <lastname>Legendary Super Sayan</lastname>
        <preferences>
            <description>killing Kakarrot as soon as possible</description>
            <idActivity>652</idActivity>
            <name>killing Kakarrot</name>
            <place>Universe 18</place>
            <startdate>0000-00-00T00:00:00.0</startdate>
            <type>
                <typeOf>Social</typeOf>
            </type>
        </preferences>
        <preferences>
            <description>Drinking tea with friends</description>
            <idActivity>653</idActivity>
            <name>Afternoon_tea</name>
            <place>Bar Centrale</place>
            <startdate>2017-11-30T17:50:00.0</startdate>
            <type>
                <typeOf>Cultural</typeOf>
            </type>
        </preferences>
    </person>
    <person>
        <birthdate>0000-01-10</birthdate>
        <firstname>Gennaro</firstname>
        <idPerson>710</idPerson>
        <lastname>Legendary Super Sayan</lastname>
        <preferences>
            <description>killing Kakarrot as soon as possible</description>
            <idActivity>652</idActivity>
            <name>killing Kakarrot</name>
            <place>Universe 18</place>
            <startdate>0000-00-00T00:00:00.0</startdate>
            <type>
                <typeOf>Social</typeOf>
            </type>
        </preferences>
        <preferences>
            <description>Drinking tea with friends</description>
            <idActivity>653</idActivity>
            <name>Afternoon_tea</name>
            <place>Bar Centrale</place>
            <startdate>2017-11-30T17:50:00.0</startdate>
            <type>
                <typeOf>Cultural</typeOf>
            </type>
        </preferences>
    </person>
</people>


Request #2:
Header: 
GET /person/651 Accept: APPLICATION/XML
=> Result: OK
=> HTTP Status: 200 OK
Body: 
<?xml version="1.0" encoding="UTF-16"?>
<person>
    <birthdate>0000-01-10</birthdate>
    <firstname>Broly</firstname>
    <idPerson>651</idPerson>
    <lastname>Legendary Super Sayan</lastname>
    <preferences>
        <description>killing Kakarrot as soon as possible</description>
        <idActivity>652</idActivity>
        <name>killing Kakarrot</name>
        <place>Universe 18</place>
        <startdate>0000-00-00T00:00:00.0</startdate>
        <type>
            <typeOf>Social</typeOf>
        </type>
    </preferences>
    <preferences>
        <description>Drinking tea with friends</description>
        <idActivity>653</idActivity>
        <name>Afternoon_tea</name>
        <place>Bar Centrale</place>
        <startdate>2017-11-30T17:50:00.0</startdate>
        <type>
            <typeOf>Cultural</typeOf>
        </type>
    </preferences>
</person>


Request #3:
Header: 
PUT /person/651 Accept: APPLICATION/XML Content-Type: APPLICATION/XML
=> Result: ERROR
=> HTTP Status: 201 Created
Body: 
<?xml version="1.0" encoding="UTF-16"?>
<person>
    <birthdate>0000-01-10</birthdate>
    <firstname>Broly</firstname>
    <idPerson>651</idPerson>
    <lastname>Legendary Super Sayan</lastname>
    <preferences>
        <description>killing Kakarrot as soon as possible</description>
        <idActivity>652</idActivity>
        <name>killing Kakarrot</name>
        <place>Universe 18</place>
        <startdate>0000-00-00T00:00:00.0</startdate>
        <type>
            <typeOf>Social</typeOf>
        </type>
    </preferences>
    <preferences>
        <description>Drinking tea with friends</description>
        <idActivity>653</idActivity>
        <name>Afternoon_tea</name>
        <place>Bar Centrale</place>
        <startdate>2017-11-30T17:50:00.0</startdate>
        <type>
            <typeOf>Cultural</typeOf>
        </type>
    </preferences>
</person>


Request #4:
Header: 
POST /person/ Accept: APPLICATION/XML Content-Type: APPLICATION/XML
=> Result: OK
=> HTTP Status: 200 OK
Body: 
<?xml version="1.0" encoding="UTF-16"?>
<person>
    <birthdate>2017-11-11</birthdate>
    <firstname>Sherlock</firstname>
    <idPerson>714</idPerson>
    <lastname>Holmes</lastname>
    <preferences>
        <description>Going to a restaurant or a bar with friends.</description>
        <idActivity>715</idActivity>
        <name>Going out</name>
        <place>London</place>
        <startdate>2017-11-11T00:00:00+01:00</startdate>
        <type>
            <typeOf>Social</typeOf>
        </type>
    </preferences>
</person>


Request #5:
Header: 
DELETE /person/714 Accept: APPLICATION/XML
=> Result: ERROR
=> HTTP Status: 204 No Content
Body: 

Request #6:
Header: 
GET /activity_type/ Accept: APPLICATION/XML Content-Type: APPLICATION/XML
=> Result: OK
=> HTTP Status: 200 OK
Body: 
<?xml version="1.0" encoding="UTF-16"?>
<activityTypes>
    <activity_type>Cultural</activity_type>
    <activity_type>Sport</activity_type>
</activityTypes>


Request #7a:
Header: 
GET /person/651/Cultural Accept: APPLICATION/XML
=> Result: OK
=> HTTP Status: 200 OK
Body: 
<?xml version="1.0" encoding="UTF-16"?>
<activities>
    <activity>
        <description>Drinking tea with friends</description>
        <idActivity>653</idActivity>
        <name>Afternoon_tea</name>
        <place>Bar Centrale</place>
        <startdate>2017-11-30T17:50:00.0</startdate>
        <type>
            <typeOf>Cultural</typeOf>
        </type>
    </activity>
</activities>


Request #7a:
Header: 
GET /person/651/Cultural Accept: APPLICATION/XML
=> Result: OK
=> HTTP Status: 200 OK
Body: 
<?xml version="1.0" encoding="UTF-16"?>
<activities>
    <activity>
        <description>Drinking tea with friends</description>
        <idActivity>653</idActivity>
        <name>Afternoon_tea</name>
        <place>Bar Centrale</place>
        <startdate>2017-11-30T17:50:00.0</startdate>
        <type>
            <typeOf>Cultural</typeOf>
        </type>
    </activity>
</activities>


Request #7a:
Header: 
GET /person/651/Cultural Accept: APPLICATION/XML
=> Result: OK
=> HTTP Status: 200 OK
Body: 
<?xml version="1.0" encoding="UTF-16"?>
<activities>
    <activity>
        <description>Drinking tea with friends</description>
        <idActivity>653</idActivity>
        <name>Afternoon_tea</name>
        <place>Bar Centrale</place>
        <startdate>2017-11-30T17:50:00.0</startdate>
        <type>
            <typeOf>Cultural</typeOf>
        </type>
    </activity>
</activities>


Request #7b:
Header: 
GET /person/651/Cultural Accept: APPLICATION/XML
=> Result: OK
=> HTTP Status: 200 OK
Body: 
<?xml version="1.0" encoding="UTF-16"?>
<activities>
    <activity>
        <description>Drinking tea with friends</description>
        <idActivity>653</idActivity>
        <name>Afternoon_tea</name>
        <place>Bar Centrale</place>
        <startdate>2017-11-30T17:50:00.0</startdate>
        <type>
            <typeOf>Cultural</typeOf>
        </type>
    </activity>
</activities>


Request #7b:
Header: 
GET /person/651/Cultural Accept: APPLICATION/XML
=> Result: OK
=> HTTP Status: 200 OK
Body: 
<?xml version="1.0" encoding="UTF-16"?>
<activities>
    <activity>
        <description>Drinking tea with friends</description>
        <idActivity>653</idActivity>
        <name>Afternoon_tea</name>
        <place>Bar Centrale</place>
        <startdate>2017-11-30T17:50:00.0</startdate>
        <type>
            <typeOf>Cultural</typeOf>
        </type>
    </activity>
</activities>


Request #7b:
Header: 
GET /person/651/Cultural Accept: APPLICATION/XML
=> Result: OK
=> HTTP Status: 200 OK
Body: 
<?xml version="1.0" encoding="UTF-16"?>
<activities>
    <activity>
        <description>Drinking tea with friends</description>
        <idActivity>653</idActivity>
        <name>Afternoon_tea</name>
        <place>Bar Centrale</place>
        <startdate>2017-11-30T17:50:00.0</startdate>
        <type>
            <typeOf>Cultural</typeOf>
        </type>
    </activity>
</activities>

Request#7 result is OK
Saved activity id: 653
Saved type: Cultural

Request #8:
Header: 
GET /person/651/Cultural/653 Accept: APPLICATION/XML
=> Result: OK
=> HTTP Status: 200 OK
Body: 
<?xml version="1.0" encoding="UTF-16"?>
<activities>
    <activity>
        <description>Drinking tea with friends</description>
        <idActivity>653</idActivity>
        <name>Afternoon_tea</name>
        <place>Bar Centrale</place>
        <startdate>2017-11-30T17:50:00.0</startdate>
        <type>
            <typeOf>Cultural</typeOf>
        </type>
    </activity>
</activities>


Request #10:
Header: 
PUT /person/651/Cultural/653 Accept: APPLICATION/XML Content-Type: APPLICATION/XML
=> Result: OK
=> HTTP Status: 204 No Content
Body: 

Request #11:
Header: 
GET /person/651/Social?before=2017-12-28T08:50:00.0&after=2000-11-11T00:00:00.0 Accept: APPLICATION/JSON
=> Result: OK
=> HTTP Status: 200 OK
Body: 
<?xml version="1.0" encoding="UTF-16"?>
<activities>
    <activity>
        <description>Drinking tea with friends</description>
        <idActivity>653</idActivity>
        <name>Afternoon_tea</name>
        <place>Bar Centrale</place>
        <startdate>2017-11-30T17:50:00.0</startdate>
        <type>
            <typeOf>Social</typeOf>
        </type>
    </activity>
</activities>

